%!Adobe-FontList 1.19
%Locale:0x409

%BeginFont
Handler:DirectoryHandler
FontType:Type1
FontName:HelveticaNeueLTStd-Lt
FamilyName:Helvetica Neue LT Std
StyleName:45 Light
MenuName:HelveticaNeueLT Std Lt
StyleBits:0
WeightClass:300
WidthClass:5
AngleClass:0
FullName:Helvetica Neue LT Std 45 Light
WritingScript:Roman
OutlineFileName:\HelveticaNeueLTStd-Lt.otf
DataFormat:sfntData
UsesStandardEncoding:yes
isCFF:yes
hasSVG:no
VariableFontType:NonVariableFont
FileLength:29328
FileModTime:1532518084
NameArray:0,Mac,18,HelveticaNeueLT Std Lt
NameArray:0,Mac,4,Helvetica Neue LT Std 45 Light
NameArray:0,Win,1,HelveticaNeueLT Std Lt
NameArray:0,Win,16,Helvetica Neue LT Std
%EndFont

